no change     /work3/s232248/miniconda3/condabin/conda
no change     /work3/s232248/miniconda3/bin/conda
no change     /work3/s232248/miniconda3/bin/conda-env
no change     /work3/s232248/miniconda3/bin/activate
no change     /work3/s232248/miniconda3/bin/deactivate
no change     /work3/s232248/miniconda3/etc/profile.d/conda.sh
no change     /work3/s232248/miniconda3/etc/fish/conf.d/conda.fish
no change     /work3/s232248/miniconda3/shell/condabin/Conda.psm1
no change     /work3/s232248/miniconda3/shell/condabin/conda-hook.ps1
no change     /work3/s232248/miniconda3/lib/python3.12/site-packages/xontrib/conda.xsh
no change     /work3/s232248/miniconda3/etc/profile.d/conda.csh
no change     /zhome/32/f/202284/.bashrc
No action taken.
no change     /work3/s232248/miniconda3/condabin/conda
no change     /work3/s232248/miniconda3/bin/conda
no change     /work3/s232248/miniconda3/bin/conda-env
no change     /work3/s232248/miniconda3/bin/activate
no change     /work3/s232248/miniconda3/bin/deactivate
no change     /work3/s232248/miniconda3/etc/profile.d/conda.sh
no change     /work3/s232248/miniconda3/etc/fish/conf.d/conda.fish
no change     /work3/s232248/miniconda3/shell/condabin/Conda.psm1
no change     /work3/s232248/miniconda3/shell/condabin/conda-hook.ps1
no change     /work3/s232248/miniconda3/lib/python3.12/site-packages/xontrib/conda.xsh
no change     /work3/s232248/miniconda3/etc/profile.d/conda.csh
no change     /zhome/32/f/202284/.bashrc
No action taken.
no change     /work3/s232248/miniconda3/condabin/conda
no change     /work3/s232248/miniconda3/bin/conda
no change     /work3/s232248/miniconda3/bin/conda-env
no change     /work3/s232248/miniconda3/bin/activate
no change     /work3/s232248/miniconda3/bin/deactivate
no change     /work3/s232248/miniconda3/etc/profile.d/conda.sh
no change     /work3/s232248/miniconda3/etc/fish/conf.d/conda.fish
no change     /work3/s232248/miniconda3/shell/condabin/Conda.psm1
no change     /work3/s232248/miniconda3/shell/condabin/conda-hook.ps1
no change     /work3/s232248/miniconda3/lib/python3.12/site-packages/xontrib/conda.xsh
no change     /work3/s232248/miniconda3/etc/profile.d/conda.csh
no change     /zhome/32/f/202284/.bashrc
No action taken.
