/zhome/32/f/202284/.lsbatch/1717337288.21901452.shell: line 1: from: command not found
/zhome/32/f/202284/.lsbatch/1717337288.21901452.shell: line 2: from: command not found
import: unable to open X server `' @ error/import.c/ImportImageCommand/347.
import: unable to open X server `' @ error/import.c/ImportImageCommand/347.
import: unable to open X server `' @ error/import.c/ImportImageCommand/347.
import: unable to open X server `' @ error/import.c/ImportImageCommand/347.
/zhome/32/f/202284/.lsbatch/1717337288.21901452.shell: line 7: from: command not found
/zhome/32/f/202284/.lsbatch/1717337288.21901452.shell: line 8: from: command not found
import: unable to open X server `' @ error/import.c/ImportImageCommand/347.
import: unable to open X server `' @ error/import.c/ImportImageCommand/347.
/zhome/32/f/202284/.lsbatch/1717337288.21901452.shell: line 12: model_name: command not found
/zhome/32/f/202284/.lsbatch/1717337288.21901452.shell: line 13: log_path: command not found
/zhome/32/f/202284/.lsbatch/1717337288.21901452.shell: line 14: syntax error near unexpected token `newline'
/zhome/32/f/202284/.lsbatch/1717337288.21901452.shell: line 14: `logging.basicConfig('

------------------------------------------------------------
Sender: LSF System <lsfadmin@hpc.dtu.dk>
Subject: Job 21901452: <NONAME> in cluster <dcc> Exited

Job <NONAME> was submitted from host <n-62-20-9> by user <s232248> in cluster <dcc> at Sun Jun  2 16:08:08 2024
Job was executed on host(s) <n-62-31-23>, in queue <hpc>, as user <s232248> in cluster <dcc> at Sun Jun  2 16:08:10 2024
</zhome/32/f/202284> was used as the home directory.
</zhome/32/f/202284/VOS_boundary_tracking/DAVIS> was used as the working directory.
Started at Sun Jun  2 16:08:10 2024
Terminated at Sun Jun  2 16:08:13 2024
Results reported at Sun Jun  2 16:08:13 2024

Your job looked like:

------------------------------------------------------------
# LSBATCH: User input
from DETR_model import DinoDetrMaskMul
from torch.utils.data import DataLoader
import torch
import torch.optim as optim
import torch.nn as nn
import matplotlib.pyplot as plt
from polygon import RasLoss, SoftPolygon
from Loader_17 import DAVIS_Rawset, DAVIS_Infer, DAVIS_Dataset
import logging
import json

model_name = "DETR_davis_mb"
log_path = f"./log/{model_name}.log"
logging.basicConfig(
    filename=log_path,
    level=logging.INFO,
    format="%(asctime)s %(levelname)-8s %(message)s",
    datefmt="%Y-%m-%d %H:%M:%S",
)
logging.info(f"Start training {model_name}")

# load the dataset
train_rawset = DAVIS_Rawset(is_train=True)
train_dataset = DAVIS_Dataset(train_rawset)
train_loader = DataLoader(train_dataset, batch_size=8, shuffle=True)
train_infer = DAVIS_Infer(train_rawset)
val_rawset = DAVIS_Rawset(is_train=False)
val_infer = DAVIS_Infer(val_rawset)

# load the model
model = DinoDetrMaskMul(mul_before=True).cuda()

# load the loss function
ras_loss = RasLoss().cuda()

# load the optimizer
optimizer = optim.Adam(model.parameters(), lr=1e-4)

train_loss_dict = {}
train_iou_dict = {}
val_iou_dict = {}
best_val_iou = 0
interval_epochs = 15
interval_steps = 40
epoch_index = 0

for interval in range(interval_steps):
    for e in range(interval_epochs):
        model.train()
        mean_loss = 0

(... more ...)
------------------------------------------------------------

Exited with exit code 2.

Resource usage summary:

    CPU time :                                   0.88 sec.
    Max Memory :                                 -
    Average Memory :                             -
    Total Requested Memory :                     1024.00 MB
    Delta Memory :                               -
    Max Swap :                                   -
    Max Processes :                              -
    Max Threads :                                -
    Run time :                                   69 sec.
    Turnaround time :                            5 sec.

The output (if any) is above this job summary.

